2021-05-11 16:42:51,735 INFO [main] c.x.c.plusxxljob.XxlJobApplication [StartupInfoLogger.java : 55] Starting XxlJobApplication on DESKTOP-6LPQ9E4 with PID 11240 (C:\Users\wangfeng\IdeaProjects\spring-cloud-alibaba-plus\cloud-plus-xxljob\target\classes started by wangfeng in C:\Users\wangfeng\IdeaProjects\spring-cloud-alibaba-plus)
2021-05-11 16:42:51,762 INFO [main] c.x.c.plusxxljob.XxlJobApplication [SpringApplication.java : 651] No active profile set, falling back to default profiles: default
2021-05-11 16:42:54,409 INFO [main] o.s.b.w.e.tomcat.TomcatWebServer [TomcatWebServer.java : 108] Tomcat initialized with port(s): 30021 (http)
2021-05-11 16:42:54,419 INFO [main] o.a.coyote.http11.Http11NioProtocol [DirectJDKLog.java : 173] Initializing ProtocolHandler ["http-nio-30021"]
2021-05-11 16:42:54,420 INFO [main] o.a.catalina.core.StandardService [DirectJDKLog.java : 173] Starting service [Tomcat]
2021-05-11 16:42:54,420 INFO [main] o.a.catalina.core.StandardEngine [DirectJDKLog.java : 173] Starting Servlet engine: [Apache Tomcat/9.0.37]
2021-05-11 16:42:54,548 INFO [main] o.a.c.c.C.[Tomcat].[localhost].[/] [DirectJDKLog.java : 173] Initializing Spring embedded WebApplicationContext
2021-05-11 16:42:54,548 INFO [main] o.s.b.w.s.c.ServletWebServerApplicationContext [ServletWebServerApplicationContext.java : 285] Root WebApplicationContext: initialization completed in 1409 ms
2021-05-11 16:42:54,678 INFO [main] c.x.c.p.core.config.XxlJobConfig [XxlJobConfig.java : 46] >>>>>>>>>>> xxl-job config init.
2021-05-11 16:42:54,865 INFO [main] o.s.s.c.ThreadPoolTaskExecutor [ExecutorConfigurationSupport.java : 181] Initializing ExecutorService 'applicationTaskExecutor'
2021-05-11 16:42:55,231 INFO [main] c.x.job.core.executor.XxlJobExecutor [XxlJobExecutor.java : 168] >>>>>>>>>>> xxl-job register jobhandler success, name:httpJobHandler, jobHandler:com.xxl.job.core.handler.impl.MethodJobHandler@35f3a22c[class com.xiaomai.cloud.plusxxljob.service.jobhandler.SampleXxlJob#httpJobHandler]
2021-05-11 16:42:55,234 INFO [main] c.x.job.core.executor.XxlJobExecutor [XxlJobExecutor.java : 168] >>>>>>>>>>> xxl-job register jobhandler success, name:demoJobHandler2, jobHandler:com.xxl.job.core.handler.impl.MethodJobHandler@35ee466f[class com.xiaomai.cloud.plusxxljob.service.jobhandler.SampleXxlJob#demoJobHandler2]
2021-05-11 16:42:55,234 INFO [main] c.x.job.core.executor.XxlJobExecutor [XxlJobExecutor.java : 168] >>>>>>>>>>> xxl-job register jobhandler success, name:demoJobHandler, jobHandler:com.xxl.job.core.handler.impl.MethodJobHandler@32e652b6[class com.xiaomai.cloud.plusxxljob.service.jobhandler.SampleXxlJob#demoJobHandler]
2021-05-11 16:42:55,234 INFO [main] c.x.job.core.executor.XxlJobExecutor [XxlJobExecutor.java : 168] >>>>>>>>>>> xxl-job register jobhandler success, name:commandJobHandler, jobHandler:com.xxl.job.core.handler.impl.MethodJobHandler@4ba02375[class com.xiaomai.cloud.plusxxljob.service.jobhandler.SampleXxlJob#commandJobHandler]
2021-05-11 16:42:55,234 INFO [main] c.x.job.core.executor.XxlJobExecutor [XxlJobExecutor.java : 168] >>>>>>>>>>> xxl-job register jobhandler success, name:shardingJobHandler, jobHandler:com.xxl.job.core.handler.impl.MethodJobHandler@7593ea79[class com.xiaomai.cloud.plusxxljob.service.jobhandler.SampleXxlJob#shardingJobHandler]
2021-05-11 16:42:55,388 INFO [main] o.a.coyote.http11.Http11NioProtocol [DirectJDKLog.java : 173] Starting ProtocolHandler ["http-nio-30021"]
2021-05-11 16:42:55,488 INFO [main] o.s.b.w.e.tomcat.TomcatWebServer [TomcatWebServer.java : 220] Tomcat started on port(s): 30021 (http) with context path ''
2021-05-11 16:42:55,540 INFO [main] c.x.c.plusxxljob.XxlJobApplication [StartupInfoLogger.java : 61] Started XxlJobApplication in 4.158 seconds (JVM running for 5.885)
2021-05-11 16:42:55,544 INFO [main] c.x.c.plusxxljob.XxlJobApplication [XxlJobApplication.java : 22] ******************************************************************************************
2021-05-11 16:42:55,544 INFO [main] c.x.c.plusxxljob.XxlJobApplication [XxlJobApplication.java : 23] Start XxlJobApplication Success.....
2021-05-11 16:42:55,544 INFO [main] c.x.c.plusxxljob.XxlJobApplication [XxlJobApplication.java : 24] ******************************************************************************************
2021-05-11 16:42:57,596 INFO [Thread-8] com.xxl.job.core.server.EmbedServer [EmbedServer.java : 86] >>>>>>>>>>> xxl-job remoting server start success, nettype = class com.xxl.job.core.server.EmbedServer, port = 19999
2021-05-11 16:42:59,642 ERROR [xxl-job, executor ExecutorRegistryThread] c.x.job.core.util.XxlJobRemotingUtil [XxlJobRemotingUtil.java : 139] Connection refused: connect
java.net.ConnectException: Connection refused: connect
	at java.net.DualStackPlainSocketImpl.waitForConnect(Native Method)
	at java.net.DualStackPlainSocketImpl.socketConnect(DualStackPlainSocketImpl.java:85)
	at java.net.AbstractPlainSocketImpl.doConnect(AbstractPlainSocketImpl.java:345)
	at java.net.AbstractPlainSocketImpl.connectToAddress(AbstractPlainSocketImpl.java:206)
	at java.net.AbstractPlainSocketImpl.connect(AbstractPlainSocketImpl.java:188)
	at java.net.PlainSocketImpl.connect(PlainSocketImpl.java:172)
	at java.net.SocksSocketImpl.connect(SocksSocketImpl.java:392)
	at java.net.Socket.connect(Socket.java:589)
	at sun.net.NetworkClient.doConnect(NetworkClient.java:175)
	at sun.net.www.http.HttpClient.openServer(HttpClient.java:432)
	at sun.net.www.http.HttpClient.openServer(HttpClient.java:527)
	at sun.net.www.http.HttpClient.<init>(HttpClient.java:211)
	at sun.net.www.http.HttpClient.New(HttpClient.java:308)
	at sun.net.www.http.HttpClient.New(HttpClient.java:326)
	at sun.net.www.protocol.http.HttpURLConnection.getNewHttpClient(HttpURLConnection.java:1167)
	at sun.net.www.protocol.http.HttpURLConnection.plainConnect0(HttpURLConnection.java:1103)
	at sun.net.www.protocol.http.HttpURLConnection.plainConnect(HttpURLConnection.java:997)
	at sun.net.www.protocol.http.HttpURLConnection.connect(HttpURLConnection.java:931)
	at com.xxl.job.core.util.XxlJobRemotingUtil.postBody(XxlJobRemotingUtil.java:95)
	at com.xxl.job.core.biz.client.AdminBizClient.registry(AdminBizClient.java:42)
	at com.xxl.job.core.thread.ExecutorRegistryThread$1.run(ExecutorRegistryThread.java:48)
	at java.lang.Thread.run(Thread.java:745)
2021-05-11 16:42:59,643 INFO [xxl-job, executor ExecutorRegistryThread] c.x.j.c.t.ExecutorRegistryThread [ExecutorRegistryThread.java : 54] >>>>>>>>>>> xxl-job registry fail, registryParam:RegistryParam{registryGroup='EXECUTOR', registryKey='cloud-plus-xxl-job', registryValue='http://192.168.0.122:19999/'}, registryResult:ReturnT [code=500, msg=xxl-rpc remoting error(Connection refused: connect), for url : http://127.0.0.1:8080/xxl-job-admin/api/registry, content=null]
2021-05-11 16:43:31,712 ERROR [xxl-job, executor ExecutorRegistryThread] c.x.job.core.util.XxlJobRemotingUtil [XxlJobRemotingUtil.java : 139] Connection refused: connect
java.net.ConnectException: Connection refused: connect
	at java.net.DualStackPlainSocketImpl.waitForConnect(Native Method)
	at java.net.DualStackPlainSocketImpl.socketConnect(DualStackPlainSocketImpl.java:85)
	at java.net.AbstractPlainSocketImpl.doConnect(AbstractPlainSocketImpl.java:345)
	at java.net.AbstractPlainSocketImpl.connectToAddress(AbstractPlainSocketImpl.java:206)
	at java.net.AbstractPlainSocketImpl.connect(AbstractPlainSocketImpl.java:188)
	at java.net.PlainSocketImpl.connect(PlainSocketImpl.java:172)
	at java.net.SocksSocketImpl.connect(SocksSocketImpl.java:392)
	at java.net.Socket.connect(Socket.java:589)
	at sun.net.NetworkClient.doConnect(NetworkClient.java:175)
	at sun.net.www.http.HttpClient.openServer(HttpClient.java:432)
	at sun.net.www.http.HttpClient.openServer(HttpClient.java:527)
	at sun.net.www.http.HttpClient.<init>(HttpClient.java:211)
	at sun.net.www.http.HttpClient.New(HttpClient.java:308)
	at sun.net.www.http.HttpClient.New(HttpClient.java:326)
	at sun.net.www.protocol.http.HttpURLConnection.getNewHttpClient(HttpURLConnection.java:1167)
	at sun.net.www.protocol.http.HttpURLConnection.plainConnect0(HttpURLConnection.java:1103)
	at sun.net.www.protocol.http.HttpURLConnection.plainConnect(HttpURLConnection.java:997)
	at sun.net.www.protocol.http.HttpURLConnection.connect(HttpURLConnection.java:931)
	at com.xxl.job.core.util.XxlJobRemotingUtil.postBody(XxlJobRemotingUtil.java:95)
	at com.xxl.job.core.biz.client.AdminBizClient.registry(AdminBizClient.java:42)
	at com.xxl.job.core.thread.ExecutorRegistryThread$1.run(ExecutorRegistryThread.java:48)
	at java.lang.Thread.run(Thread.java:745)
2021-05-11 16:43:31,712 INFO [xxl-job, executor ExecutorRegistryThread] c.x.j.c.t.ExecutorRegistryThread [ExecutorRegistryThread.java : 54] >>>>>>>>>>> xxl-job registry fail, registryParam:RegistryParam{registryGroup='EXECUTOR', registryKey='cloud-plus-xxl-job', registryValue='http://192.168.0.122:19999/'}, registryResult:ReturnT [code=500, msg=xxl-rpc remoting error(Connection refused: connect), for url : http://127.0.0.1:8080/xxl-job-admin/api/registry, content=null]
